Cluster configuration:
===
Partition:  sequana_cpu_dev
Number of nodes:  1
Number of MPI processes:  2  ( 1  nodes)
Number of MPI processes per node: 
Number of threads per MPI process: 
NPB Benchmark: 
Bechmark class problem: 
ModuleCmd_Load.c(213):ERROR:105: Unable to locate a modulefile for 'sequana/current'
S=C=A=N: Scalasca 2.6 runtime summarization
S=C=A=N: ./scorep_mpi_2_sum experiment archive
S=C=A=N: Thu Dec 14 14:02:24 2023: Collect start
/scratch/app/openmpi/4.1.2_gnu+cuda-11.2/bin/mpirun -n 2 ./mpi
nx_glob, nz_glob: 200 100
dx,dz: 100.000000 100.000000
dt: 0.333333
*** OUTPUT ***
*** OUTPUT ***
*** OUTPUT ***
*** OUTPUT ***
*** OUTPUT ***
*** OUTPUT ***
*** OUTPUT ***
*** OUTPUT ***
*** OUTPUT ***
*** OUTPUT ***
*** OUTPUT ***
*** OUTPUT ***
*** OUTPUT ***
*** OUTPUT ***
*** OUTPUT ***
*** OUTPUT ***
*** OUTPUT ***
*** OUTPUT ***
*** OUTPUT ***
*** OUTPUT ***
*** OUTPUT ***
*** OUTPUT ***
*** OUTPUT ***
*** OUTPUT ***
*** OUTPUT ***
*** OUTPUT ***
*** OUTPUT ***
*** OUTPUT ***
*** OUTPUT ***
*** OUTPUT ***
*** OUTPUT ***
*** OUTPUT ***
*** OUTPUT ***
*** OUTPUT ***
*** OUTPUT ***
*** OUTPUT ***
*** OUTPUT ***
*** OUTPUT ***
*** OUTPUT ***
*** OUTPUT ***
*** OUTPUT ***
*** OUTPUT ***
*** OUTPUT ***
*** OUTPUT ***
*** OUTPUT ***
*** OUTPUT ***
*** OUTPUT ***
*** OUTPUT ***
*** OUTPUT ***
*** OUTPUT ***
*** OUTPUT ***
*** OUTPUT ***
*** OUTPUT ***
*** OUTPUT ***
*** OUTPUT ***
*** OUTPUT ***
*** OUTPUT ***
*** OUTPUT ***
*** OUTPUT ***
*** OUTPUT ***
*** OUTPUT ***
*** OUTPUT ***
*** OUTPUT ***
*** OUTPUT ***
*** OUTPUT ***
*** OUTPUT ***
*** OUTPUT ***
*** OUTPUT ***
*** OUTPUT ***
*** OUTPUT ***
*** OUTPUT ***
*** OUTPUT ***
*** OUTPUT ***
*** OUTPUT ***
*** OUTPUT ***
*** OUTPUT ***
*** OUTPUT ***
*** OUTPUT ***
*** OUTPUT ***
*** OUTPUT ***
*** OUTPUT ***
*** OUTPUT ***
*** OUTPUT ***
*** OUTPUT ***
*** OUTPUT ***
*** OUTPUT ***
*** OUTPUT ***
*** OUTPUT ***
*** OUTPUT ***
*** OUTPUT ***
*** OUTPUT ***
*** OUTPUT ***
*** OUTPUT ***
*** OUTPUT ***
*** OUTPUT ***
*** OUTPUT ***
*** OUTPUT ***
*** OUTPUT ***
*** OUTPUT ***
*** OUTPUT ***
CPU Time: 17.3159 sec
d_mass: -3.965442e-15
d_te:   3.600768e-08
S=C=A=N: Thu Dec 14 14:02:53 2023: Collect done (status=0) 29s
S=C=A=N: ./scorep_mpi_2_sum complete.
INFO: Post-processing runtime summarization report (profile.cubex)...
/scratch/cenapadrjsd/rpsouto/spack/sequana/v0.17.1/opt/spack/linux-rhel7-skylake_avx512/gcc-9.3.0/scorep-7.0-xse3pt3qwnmogutgkseli27lkhgsxzu2/bin/scorep-score  -r ./scorep_sum_MPI-2_JOBID-11068143/profile.cubex > ./scorep_sum_MPI-2_JOBID-11068143/scorep.score
INFO: Score report written to ./scorep_sum_MPI-2_JOBID-11068143/scorep.score
