S=C=A=N: Thu Dec 14 14:13:57 2023: Collect start
/scratch/app/openmpi/4.1.2_gnu+cuda-11.2/bin/mpirun -n 24 ./mpi
nx_glob, nz_glob: 200 100
dx,dz: 100.000000 100.000000
dt: 0.333333
*** OUTPUT ***
*** OUTPUT ***
*** OUTPUT ***
*** OUTPUT ***
*** OUTPUT ***
*** OUTPUT ***
*** OUTPUT ***
*** OUTPUT ***
*** OUTPUT ***
*** OUTPUT ***
*** OUTPUT ***
*** OUTPUT ***
*** OUTPUT ***
*** OUTPUT ***
*** OUTPUT ***
*** OUTPUT ***
*** OUTPUT ***
*** OUTPUT ***
*** OUTPUT ***
*** OUTPUT ***
*** OUTPUT ***
*** OUTPUT ***
*** OUTPUT ***
*** OUTPUT ***
*** OUTPUT ***
*** OUTPUT ***
*** OUTPUT ***
*** OUTPUT ***
*** OUTPUT ***
*** OUTPUT ***
*** OUTPUT ***
*** OUTPUT ***
*** OUTPUT ***
*** OUTPUT ***
*** OUTPUT ***
*** OUTPUT ***
*** OUTPUT ***
*** OUTPUT ***
*** OUTPUT ***
*** OUTPUT ***
*** OUTPUT ***
*** OUTPUT ***
*** OUTPUT ***
*** OUTPUT ***
*** OUTPUT ***
*** OUTPUT ***
*** OUTPUT ***
*** OUTPUT ***
*** OUTPUT ***
*** OUTPUT ***
*** OUTPUT ***
*** OUTPUT ***
*** OUTPUT ***
*** OUTPUT ***
*** OUTPUT ***
*** OUTPUT ***
*** OUTPUT ***
*** OUTPUT ***
*** OUTPUT ***
*** OUTPUT ***
*** OUTPUT ***
*** OUTPUT ***
*** OUTPUT ***
*** OUTPUT ***
*** OUTPUT ***
*** OUTPUT ***
*** OUTPUT ***
*** OUTPUT ***
*** OUTPUT ***
*** OUTPUT ***
*** OUTPUT ***
*** OUTPUT ***
*** OUTPUT ***
*** OUTPUT ***
*** OUTPUT ***
*** OUTPUT ***
*** OUTPUT ***
*** OUTPUT ***
*** OUTPUT ***
*** OUTPUT ***
*** OUTPUT ***
*** OUTPUT ***
*** OUTPUT ***
*** OUTPUT ***
*** OUTPUT ***
*** OUTPUT ***
*** OUTPUT ***
*** OUTPUT ***
*** OUTPUT ***
*** OUTPUT ***
*** OUTPUT ***
*** OUTPUT ***
*** OUTPUT ***
*** OUTPUT ***
*** OUTPUT ***
*** OUTPUT ***
*** OUTPUT ***
*** OUTPUT ***
*** OUTPUT ***
*** OUTPUT ***
CPU Time: 6.23772 sec
d_mass: 3.745139e-15
d_te:   3.600765e-08
S=C=A=N: Thu Dec 14 14:14:11 2023: Collect done (status=0) 14s
