Cluster configuration:
===
Partition:  sequana_cpu_dev
Number of nodes:  1
Number of MPI processes:  16  ( 1  nodes)
Number of MPI processes per node: 
Number of threads per MPI process:  1
NPB Benchmark: 
Bechmark class problem: 
ModuleCmd_Load.c(213):ERROR:105: Unable to locate a modulefile for 'sequana/current'
/scratch/cenapadrjsd/rpsouto/spack/sequana/v0.17.1/opt/spack/linux-rhel7-skylake_avx512/gcc-8.3.0/hpctoolkit-2021.10.15-fuqprrfm6zqhbemvuwxujzsyqd3z6eqf/bin/hpcrun: line 879: /scratch/cenapadrjsd/isabel.barboza/miniWeather/c/build_hpctoolkit/: Is a directory
/scratch/cenapadrjsd/rpsouto/spack/sequana/v0.17.1/opt/spack/linux-rhel7-skylake_avx512/gcc-8.3.0/hpctoolkit-2021.10.15-fuqprrfm6zqhbemvuwxujzsyqd3z6eqf/bin/hpcrun: line 879: exec: /scratch/cenapadrjsd/isabel.barboza/miniWeather/c/build_hpctoolkit/: cannot execute: Is a directory
/scratch/cenapadrjsd/rpsouto/spack/sequana/v0.17.1/opt/spack/linux-rhel7-skylake_avx512/gcc-8.3.0/hpctoolkit-2021.10.15-fuqprrfm6zqhbemvuwxujzsyqd3z6eqf/bin/hpcrun: line 879: /scratch/cenapadrjsd/isabel.barboza/miniWeather/c/build_hpctoolkit/: Is a directory
/scratch/cenapadrjsd/rpsouto/spack/sequana/v0.17.1/opt/spack/linux-rhel7-skylake_avx512/gcc-8.3.0/hpctoolkit-2021.10.15-fuqprrfm6zqhbemvuwxujzsyqd3z6eqf/bin/hpcrun: line 879: exec: /scratch/cenapadrjsd/isabel.barboza/miniWeather/c/build_hpctoolkit/: cannot execute: Is a directory
/scratch/cenapadrjsd/rpsouto/spack/sequana/v0.17.1/opt/spack/linux-rhel7-skylake_avx512/gcc-8.3.0/hpctoolkit-2021.10.15-fuqprrfm6zqhbemvuwxujzsyqd3z6eqf/bin/hpcrun: line 879: /scratch/cenapadrjsd/isabel.barboza/miniWeather/c/build_hpctoolkit/: Is a directory
/scratch/cenapadrjsd/rpsouto/spack/sequana/v0.17.1/opt/spack/linux-rhel7-skylake_avx512/gcc-8.3.0/hpctoolkit-2021.10.15-fuqprrfm6zqhbemvuwxujzsyqd3z6eqf/bin/hpcrun: line 879: exec: /scratch/cenapadrjsd/isabel.barboza/miniWeather/c/build_hpctoolkit/: cannot execute: Is a directory
/scratch/cenapadrjsd/rpsouto/spack/sequana/v0.17.1/opt/spack/linux-rhel7-skylake_avx512/gcc-8.3.0/hpctoolkit-2021.10.15-fuqprrfm6zqhbemvuwxujzsyqd3z6eqf/bin/hpcrun: line 879: /scratch/cenapadrjsd/isabel.barboza/miniWeather/c/build_hpctoolkit/: Is a directory
/scratch/cenapadrjsd/rpsouto/spack/sequana/v0.17.1/opt/spack/linux-rhel7-skylake_avx512/gcc-8.3.0/hpctoolkit-2021.10.15-fuqprrfm6zqhbemvuwxujzsyqd3z6eqf/bin/hpcrun: line 879: exec: /scratch/cenapadrjsd/isabel.barboza/miniWeather/c/build_hpctoolkit/: cannot execute: Is a directory
/scratch/cenapadrjsd/rpsouto/spack/sequana/v0.17.1/opt/spack/linux-rhel7-skylake_avx512/gcc-8.3.0/hpctoolkit-2021.10.15-fuqprrfm6zqhbemvuwxujzsyqd3z6eqf/bin/hpcrun: line 879: /scratch/cenapadrjsd/isabel.barboza/miniWeather/c/build_hpctoolkit/: Is a directory
/scratch/cenapadrjsd/rpsouto/spack/sequana/v0.17.1/opt/spack/linux-rhel7-skylake_avx512/gcc-8.3.0/hpctoolkit-2021.10.15-fuqprrfm6zqhbemvuwxujzsyqd3z6eqf/bin/hpcrun: line 879: exec: /scratch/cenapadrjsd/isabel.barboza/miniWeather/c/build_hpctoolkit/: cannot execute: Is a directory
/scratch/cenapadrjsd/rpsouto/spack/sequana/v0.17.1/opt/spack/linux-rhel7-skylake_avx512/gcc-8.3.0/hpctoolkit-2021.10.15-fuqprrfm6zqhbemvuwxujzsyqd3z6eqf/bin/hpcrun: line 879: /scratch/cenapadrjsd/isabel.barboza/miniWeather/c/build_hpctoolkit/: Is a directory
/scratch/cenapadrjsd/rpsouto/spack/sequana/v0.17.1/opt/spack/linux-rhel7-skylake_avx512/gcc-8.3.0/hpctoolkit-2021.10.15-fuqprrfm6zqhbemvuwxujzsyqd3z6eqf/bin/hpcrun: line 879: exec: /scratch/cenapadrjsd/isabel.barboza/miniWeather/c/build_hpctoolkit/: cannot execute: Is a directory
/scratch/cenapadrjsd/rpsouto/spack/sequana/v0.17.1/opt/spack/linux-rhel7-skylake_avx512/gcc-8.3.0/hpctoolkit-2021.10.15-fuqprrfm6zqhbemvuwxujzsyqd3z6eqf/bin/hpcrun: line 879: /scratch/cenapadrjsd/isabel.barboza/miniWeather/c/build_hpctoolkit/: Is a directory
/scratch/cenapadrjsd/rpsouto/spack/sequana/v0.17.1/opt/spack/linux-rhel7-skylake_avx512/gcc-8.3.0/hpctoolkit-2021.10.15-fuqprrfm6zqhbemvuwxujzsyqd3z6eqf/bin/hpcrun: line 879: exec: /scratch/cenapadrjsd/isabel.barboza/miniWeather/c/build_hpctoolkit/: cannot execute: Is a directory
/scratch/cenapadrjsd/rpsouto/spack/sequana/v0.17.1/opt/spack/linux-rhel7-skylake_avx512/gcc-8.3.0/hpctoolkit-2021.10.15-fuqprrfm6zqhbemvuwxujzsyqd3z6eqf/bin/hpcrun: line 879: /scratch/cenapadrjsd/isabel.barboza/miniWeather/c/build_hpctoolkit/: Is a directory
/scratch/cenapadrjsd/rpsouto/spack/sequana/v0.17.1/opt/spack/linux-rhel7-skylake_avx512/gcc-8.3.0/hpctoolkit-2021.10.15-fuqprrfm6zqhbemvuwxujzsyqd3z6eqf/bin/hpcrun: line 879: exec: /scratch/cenapadrjsd/isabel.barboza/miniWeather/c/build_hpctoolkit/: cannot execute: Is a directory
/scratch/cenapadrjsd/rpsouto/spack/sequana/v0.17.1/opt/spack/linux-rhel7-skylake_avx512/gcc-8.3.0/hpctoolkit-2021.10.15-fuqprrfm6zqhbemvuwxujzsyqd3z6eqf/bin/hpcrun: line 879: /scratch/cenapadrjsd/isabel.barboza/miniWeather/c/build_hpctoolkit/: Is a directory
/scratch/cenapadrjsd/rpsouto/spack/sequana/v0.17.1/opt/spack/linux-rhel7-skylake_avx512/gcc-8.3.0/hpctoolkit-2021.10.15-fuqprrfm6zqhbemvuwxujzsyqd3z6eqf/bin/hpcrun: line 879: exec: /scratch/cenapadrjsd/isabel.barboza/miniWeather/c/build_hpctoolkit/: cannot execute: Is a directory
/scratch/cenapadrjsd/rpsouto/spack/sequana/v0.17.1/opt/spack/linux-rhel7-skylake_avx512/gcc-8.3.0/hpctoolkit-2021.10.15-fuqprrfm6zqhbemvuwxujzsyqd3z6eqf/bin/hpcrun: line 879: /scratch/cenapadrjsd/isabel.barboza/miniWeather/c/build_hpctoolkit/: Is a directory
/scratch/cenapadrjsd/rpsouto/spack/sequana/v0.17.1/opt/spack/linux-rhel7-skylake_avx512/gcc-8.3.0/hpctoolkit-2021.10.15-fuqprrfm6zqhbemvuwxujzsyqd3z6eqf/bin/hpcrun: line 879: exec: /scratch/cenapadrjsd/isabel.barboza/miniWeather/c/build_hpctoolkit/: cannot execute: Is a directory
/scratch/cenapadrjsd/rpsouto/spack/sequana/v0.17.1/opt/spack/linux-rhel7-skylake_avx512/gcc-8.3.0/hpctoolkit-2021.10.15-fuqprrfm6zqhbemvuwxujzsyqd3z6eqf/bin/hpcrun: line 879: /scratch/cenapadrjsd/isabel.barboza/miniWeather/c/build_hpctoolkit/: Is a directory
/scratch/cenapadrjsd/rpsouto/spack/sequana/v0.17.1/opt/spack/linux-rhel7-skylake_avx512/gcc-8.3.0/hpctoolkit-2021.10.15-fuqprrfm6zqhbemvuwxujzsyqd3z6eqf/bin/hpcrun: line 879: exec: /scratch/cenapadrjsd/isabel.barboza/miniWeather/c/build_hpctoolkit/: cannot execute: Is a directory
/scratch/cenapadrjsd/rpsouto/spack/sequana/v0.17.1/opt/spack/linux-rhel7-skylake_avx512/gcc-8.3.0/hpctoolkit-2021.10.15-fuqprrfm6zqhbemvuwxujzsyqd3z6eqf/bin/hpcrun: line 879: /scratch/cenapadrjsd/isabel.barboza/miniWeather/c/build_hpctoolkit/: Is a directory
/scratch/cenapadrjsd/rpsouto/spack/sequana/v0.17.1/opt/spack/linux-rhel7-skylake_avx512/gcc-8.3.0/hpctoolkit-2021.10.15-fuqprrfm6zqhbemvuwxujzsyqd3z6eqf/bin/hpcrun: line 879: exec: /scratch/cenapadrjsd/isabel.barboza/miniWeather/c/build_hpctoolkit/: cannot execute: Is a directory
/scratch/cenapadrjsd/rpsouto/spack/sequana/v0.17.1/opt/spack/linux-rhel7-skylake_avx512/gcc-8.3.0/hpctoolkit-2021.10.15-fuqprrfm6zqhbemvuwxujzsyqd3z6eqf/bin/hpcrun: line 879: /scratch/cenapadrjsd/isabel.barboza/miniWeather/c/build_hpctoolkit/: Is a directory
/scratch/cenapadrjsd/rpsouto/spack/sequana/v0.17.1/opt/spack/linux-rhel7-skylake_avx512/gcc-8.3.0/hpctoolkit-2021.10.15-fuqprrfm6zqhbemvuwxujzsyqd3z6eqf/bin/hpcrun: line 879: exec: /scratch/cenapadrjsd/isabel.barboza/miniWeather/c/build_hpctoolkit/: cannot execute: Is a directory
/scratch/cenapadrjsd/rpsouto/spack/sequana/v0.17.1/opt/spack/linux-rhel7-skylake_avx512/gcc-8.3.0/hpctoolkit-2021.10.15-fuqprrfm6zqhbemvuwxujzsyqd3z6eqf/bin/hpcrun: line 879: /scratch/cenapadrjsd/isabel.barboza/miniWeather/c/build_hpctoolkit/: Is a directory
/scratch/cenapadrjsd/rpsouto/spack/sequana/v0.17.1/opt/spack/linux-rhel7-skylake_avx512/gcc-8.3.0/hpctoolkit-2021.10.15-fuqprrfm6zqhbemvuwxujzsyqd3z6eqf/bin/hpcrun: line 879: exec: /scratch/cenapadrjsd/isabel.barboza/miniWeather/c/build_hpctoolkit/: cannot execute: Is a directory
/scratch/cenapadrjsd/rpsouto/spack/sequana/v0.17.1/opt/spack/linux-rhel7-skylake_avx512/gcc-8.3.0/hpctoolkit-2021.10.15-fuqprrfm6zqhbemvuwxujzsyqd3z6eqf/bin/hpcrun: line 879: /scratch/cenapadrjsd/isabel.barboza/miniWeather/c/build_hpctoolkit/: Is a directory
/scratch/cenapadrjsd/rpsouto/spack/sequana/v0.17.1/opt/spack/linux-rhel7-skylake_avx512/gcc-8.3.0/hpctoolkit-2021.10.15-fuqprrfm6zqhbemvuwxujzsyqd3z6eqf/bin/hpcrun: line 879: exec: /scratch/cenapadrjsd/isabel.barboza/miniWeather/c/build_hpctoolkit/: cannot execute: Is a directory
/scratch/cenapadrjsd/rpsouto/spack/sequana/v0.17.1/opt/spack/linux-rhel7-skylake_avx512/gcc-8.3.0/hpctoolkit-2021.10.15-fuqprrfm6zqhbemvuwxujzsyqd3z6eqf/bin/hpcrun: line 879: /scratch/cenapadrjsd/isabel.barboza/miniWeather/c/build_hpctoolkit/: Is a directory
/scratch/cenapadrjsd/rpsouto/spack/sequana/v0.17.1/opt/spack/linux-rhel7-skylake_avx512/gcc-8.3.0/hpctoolkit-2021.10.15-fuqprrfm6zqhbemvuwxujzsyqd3z6eqf/bin/hpcrun: line 879: exec: /scratch/cenapadrjsd/isabel.barboza/miniWeather/c/build_hpctoolkit/: cannot execute: Is a directory
--------------------------------------------------------------------------
Primary job  terminated normally, but 1 process returned
a non-zero exit code. Per user-direction, the job has been aborted.
--------------------------------------------------------------------------
--------------------------------------------------------------------------
mpirun detected that one or more processes exited with non-zero status, thus causing
the job to be terminated. The first process to do so was:

  Process name: [[28709,1],0]
  Exit code:    126
--------------------------------------------------------------------------
ERROR: Incorrect number of arguments!
Try 'hpcstruct --help' for more information.
mv: cannot stat ‘hpctoolkit--database-10932918’: No such file or directory
mv: cannot stat ‘hpctoolkit--measurements-10932918’: No such file or directory
mv: cannot stat ‘.hpcstruct’: No such file or directory
