S=C=A=N: Thu Dec 14 14:11:25 2023: Collect start
/scratch/app/openmpi/4.1.2_gnu+cuda-11.2/bin/mpirun -n 16 ./mpi
nx_glob, nz_glob: 200 100
dx,dz: 100.000000 100.000000
dt: 0.333333
*** OUTPUT ***
*** OUTPUT ***
*** OUTPUT ***
*** OUTPUT ***
*** OUTPUT ***
*** OUTPUT ***
*** OUTPUT ***
*** OUTPUT ***
*** OUTPUT ***
*** OUTPUT ***
*** OUTPUT ***
*** OUTPUT ***
*** OUTPUT ***
*** OUTPUT ***
*** OUTPUT ***
*** OUTPUT ***
*** OUTPUT ***
*** OUTPUT ***
*** OUTPUT ***
*** OUTPUT ***
*** OUTPUT ***
*** OUTPUT ***
*** OUTPUT ***
*** OUTPUT ***
*** OUTPUT ***
*** OUTPUT ***
*** OUTPUT ***
*** OUTPUT ***
*** OUTPUT ***
*** OUTPUT ***
*** OUTPUT ***
*** OUTPUT ***
*** OUTPUT ***
*** OUTPUT ***
*** OUTPUT ***
*** OUTPUT ***
*** OUTPUT ***
*** OUTPUT ***
*** OUTPUT ***
*** OUTPUT ***
*** OUTPUT ***
*** OUTPUT ***
*** OUTPUT ***
*** OUTPUT ***
*** OUTPUT ***
*** OUTPUT ***
*** OUTPUT ***
*** OUTPUT ***
*** OUTPUT ***
*** OUTPUT ***
*** OUTPUT ***
*** OUTPUT ***
*** OUTPUT ***
*** OUTPUT ***
*** OUTPUT ***
*** OUTPUT ***
*** OUTPUT ***
*** OUTPUT ***
*** OUTPUT ***
*** OUTPUT ***
*** OUTPUT ***
*** OUTPUT ***
*** OUTPUT ***
*** OUTPUT ***
*** OUTPUT ***
*** OUTPUT ***
*** OUTPUT ***
*** OUTPUT ***
*** OUTPUT ***
*** OUTPUT ***
*** OUTPUT ***
*** OUTPUT ***
*** OUTPUT ***
*** OUTPUT ***
*** OUTPUT ***
*** OUTPUT ***
*** OUTPUT ***
*** OUTPUT ***
*** OUTPUT ***
*** OUTPUT ***
*** OUTPUT ***
*** OUTPUT ***
*** OUTPUT ***
*** OUTPUT ***
*** OUTPUT ***
*** OUTPUT ***
*** OUTPUT ***
*** OUTPUT ***
*** OUTPUT ***
*** OUTPUT ***
*** OUTPUT ***
*** OUTPUT ***
*** OUTPUT ***
*** OUTPUT ***
*** OUTPUT ***
*** OUTPUT ***
*** OUTPUT ***
*** OUTPUT ***
*** OUTPUT ***
*** OUTPUT ***
CPU Time: 4.77374 sec
d_mass: 5.507558e-15
d_te:   3.600765e-08
S=C=A=N: Thu Dec 14 14:11:35 2023: Collect done (status=0) 10s
